--- Job A-n9-k3-multi-vartemp-model.gms Start 10/31/20 00:22:10 31.1.1 r4b06116 WEX-WEI x86 64bit/MS Windows
--- Applying:
    C:\GAMS\win64\31.1\gmsprmNT.txt
--- GAMS Parameters defined
    Input D:\Yousuf\Eclipse  Workspace\OptEngineV2\GamsResources\A-n9-k3-multi-vartemp-model.gms
    PageSize 0
    ScrDir D:\Yousuf\Eclipse  Workspace\OptEngineV2\GamsResources\225r\
    SysDir C:\GAMS\win64\31.1\
    LogOption 3
    ErrMsg 1
    ErrorLog 99
    IDE 1
    LstTitleLeftAligned 1
GAMS 31.1.1   Copyright (C) 1987-2020 GAMS Development. All rights reserved
Licensee: Small MUD - 5 User License                     S200423/0001AO-WIN
          American University of Sharjah, Department of Electrical EDC12122
          C:\Users\ahmed\Documents\GAMS\gamslice.txt
--- Starting compilation
--- A-n9-k3-multi-vartemp-model.gms(36) 2 Mb
--- call gdxxrw A-n9-k3-input-multi-vartemp.xlsx @howToRead.txt

GDXXRW           31.1.1 r4b06116 Released May 16, 2020 WEI x86 64bit/MS Window
Input file : D:\Yousuf\Eclipse  Workspace\OptEngineV2\GamsResources\A-n9-k3-input-multi-vartemp.xlsx
Output file: D:\Yousuf\Eclipse  Workspace\OptEngineV2\GamsResources\A-n9
Output file: D:\Yousuf\Eclipse  Workspace\OptEngineV2\GamsResources\A-n9-k3-input-multi-vartemp.gdx
Total time = 875 Ms
--- A-n9-k3-multi-vartemp-model.gms(37) 2 Mb
--- GDXin=D:\Yousuf\Eclipse  Workspace\OptEngineV2\GamsResources\A-n9-k3-input-multi-vartemp.gdx
--- A-n9-k3-multi-vartemp-model.gms(182) 3 Mb
--- Starting execution: elapsed 0:00:00.948
--- A-n9-k3-multi-vartemp-model.gms(1) 4 Mb
--- Generating MINLP model simple
--- A-n9-k3-multi-vartemp-model.gms(164) 6 Mb
---   394 rows  285 columns  1,566 non-zeroes
---   1,598 nl-code  426 nl-non-zeroes
---   130 discrete-columns
***
***   9 Integer +INF Bounds have been reset to 100 (see Option IntVarUp)
***
--- A-n9-k3-multi-vartemp-model.gms(164) 4 Mb
--- Executing DICOPT: elapsed 0:00:00.973
-------------------------------------------------------------------------------
Dicopt 2         31.1.1 r4b06116 Released May 16, 2020 WEI x86 64bit/MS Window
-------------------------------------------------------------------------------
by Aldo Vecchietti, Director del Instituto INGAR,
   CONICET, UTN, Santa Fe, Argentina
by Ignacio E. Grossmann, Chemical Engineering Faculty,
   Carnegie Mellon University, Pittsburgh, PA, USA
-------------------------------------------------------------------------------
*** This solver runs with a community license.
--- DICOPT: Starting major iteration 1
--- DICOPT: Setting up first (relaxed) NLP.
CONOPT 3         31.1.1 r4b06116 Released May 16, 2020 WEI x86 64bit/MS Window
*** This solver runs with a community license.
 
 
    C O N O P T 3   version 3.17L
    Copyright (C)   ARKI Consulting and Development A/S
                    Bagsvaerdvej 246 A
                    DK-2880 Bagsvaerd, Denmark
 
 
   Iter Phase Ninf   Infeasibility   RGmax    NSB   Step InItr MX OK
      0   0        7.0237591464E+02 (Input point)
 
                   Pre-triangular equations:   10
                   Post-triangular equations:  123
                   Definitional equations:     30
 
      1   0        4.5000000000E+01 (After pre-processing)
      2   0        2.0500000000E+01 (After scaling)
 
 ** Feasible solution. Value of objective =    402.502770045
 
   Iter Phase Ninf     Objective     RGmax    NSB   Step InItr MX OK
      6   3       -1.2595576196E+02 6.0E+02     3 6.5E-01    3 F  T
     11   3       -6.3943512318E+02 8.2E+01     3 2.4E-03      T  T
     16   3       -7.1037987225E+02 4.6E+00    12 1.0E+00   14 T  T
     18   3       -7.1037988109E+02 0.0E+00    12
 
 ** Optimal solution. Reduced gradient less than tolerance.
 
--- DICOPT: Setting up first MIP

IBM ILOG CPLEX   31.1.1 r4b06116 Released May 16, 2020 WEI x86 64bit/MS Window
--- GAMS/Cplex licensed for continuous and discrete problems.
Cplex 12.10.0.0

Reading data...
Starting Cplex...
Unable to load names.
Version identifier: 12.10.0.0 | 2019-11-26 | 843d4de2ae
CPXPARAM_Advance                                 0
CPXPARAM_Threads                                 1
CPXPARAM_Parallel                                1
CPXPARAM_MIP_Display                             4
CPXPARAM_Simplex_Limits_Iterations               1999999982
CPXPARAM_TimeLimit                               1000
CPXPARAM_Tune_TimeLimit                          200
CPXPARAM_MIP_Tolerances_AbsMIPGap                0
CPXPARAM_MIP_Tolerances_MIPGap                   0
CPXPARAM_WorkDir                                 "D:\Yousuf\Eclipse  Workspace\OptEngineV2\GamsResources\225r\"
Tried aggregator 1 time.
MIP Presolve eliminated 212 rows and 260 columns.
MIP Presolve modified 140 coefficients.
Reduced MIP has 183 rows, 118 columns, and 753 nonzeros.
Reduced MIP has 77 binaries, 7 generals, 0 SOSs, and 0 indicators.
Presolve time = 0.00 sec. (0.72 ticks)
Probing fixed 5 vars, tightened 0 bounds.
Probing time = 0.00 sec. (0.52 ticks)
Cover probing fixed 0 vars, tightened 20 bounds.
Tried aggregator 2 times.
Detecting symmetries...
MIP Presolve eliminated 41 rows and 7 columns.
MIP Presolve modified 82 coefficients.
Aggregator did 3 substitutions.
Reduced MIP has 139 rows, 108 columns, and 660 nonzeros.
Reduced MIP has 67 binaries, 7 generals, 0 SOSs, and 0 indicators.
Presolve time = 0.00 sec. (0.72 ticks)
Probing time = 0.02 sec. (0.40 ticks)
Cover probing fixed 0 vars, tightened 3 bounds.
Clique table members: 422.
MIP emphasis: balance optimality and feasibility.
MIP search method: dynamic search.
Parallel mode: none, using 1 thread.
Tried aggregator 1 time.
LP Presolve eliminated 6 rows and 2 columns.
Reduced LP has 133 rows, 106 columns, and 633 nonzeros.
Presolve time = 0.00 sec. (0.09 ticks)

Iteration log . . .
Iteration:     1   Scaled dual infeas =           102.006977
Iteration:    15   Dual objective     =         -1825.934920
Initializing dual steep norms . . .
Root relaxation solution time = 0.00 sec. (0.50 ticks)

        Nodes                                         Cuts/
   Node  Left     Objective  IInf  Best Integer    Best Bound    ItCnt     Gap

      0     0      501.9495    14                    501.9495       57         
      0     0      719.1815    14                    Cuts: 17       76         
      0     0      721.2844    14                    Cuts: 26      112         
      0     0      722.2276    14                    Cuts: 24      156         
      0     0      722.8462    14                    Cuts: 48      197         
      0     0      723.2375    14                    Cuts: 19      225         
      0     0      723.7905    14                    Cuts: 49      286         
      0     0      724.8807    14                    Cuts: 37      308         
      0     0      726.1611    14                    Cuts: 35      347         
      0     0      726.3080    14                    Cuts: 28      364         
      0     0      727.0760    14                    Cuts: 16      389         
      0     0      727.0812    14                  MIRcuts: 2      392         
      0     0      727.0829    14                  MIRcuts: 2      393         
*     0+    0                         1052.6255      727.0829            30.93%
Found incumbent of value 1052.625546 after 0.05 sec. (23.88 ticks)
*     0+    0                         1052.6255      727.0829            30.93%
Found incumbent of value 1052.625546 after 0.05 sec. (26.33 ticks)
      0     0  -1.00000e+75     0     1052.6255      727.0829      393   30.93%
      0     2      727.0829    39     1052.6255      727.1909      393   30.92%
Elapsed time = 0.05 sec. (26.51 ticks, tree = 0.01 MB, solutions = 2)
*    10+    7                         1024.5286      727.9576            28.95%
Found incumbent of value 1024.528567 after 0.05 sec. (27.96 ticks)
*    18     6      integral     0      816.7771      727.9576      509   10.87%
Found incumbent of value 816.777074 after 0.05 sec. (28.74 ticks)
*    29    11      integral     0      807.3240      728.1475      583    9.81%
                                                    Covers: 1                  
Found incumbent of value 807.324019 after 0.05 sec. (30.57 ticks)
*    30+   10                          792.3651      728.1475             8.10%
Found incumbent of value 792.365114 after 0.05 sec. (30.86 ticks)
*    60+   27                          788.7228      729.3561             7.53%
                                                      Cuts: 6                  
Found incumbent of value 788.722772 after 0.06 sec. (36.56 ticks)

Clique cuts applied:  10
Cover cuts applied:  4
Mixed integer rounding cuts applied:  39
Zero-half cuts applied:  8
Gomory fractional cuts applied:  7

Root node processing (before b&c):
  Real time             =    0.05 sec. (26.53 ticks)
Sequential b&c:
  Real time             =    0.03 sec. (32.15 ticks)
                          ------------
Total (root+branch&cut) =    0.08 sec. (58.68 ticks)
MIP status(101): integer optimal solution
Cplex Time: 0.08sec (det. 58.68 ticks)
Fixing integer variables, and solving final LP...
Version identifier: 12.10.0.0 | 2019-11-26 | 843d4de2ae
CPXPARAM_Advance                                 2
CPXPARAM_Threads                                 1
CPXPARAM_Parallel                                1
CPXPARAM_MIP_Display                             4
CPXPARAM_Simplex_Limits_Iterations               1999999982
CPXPARAM_TimeLimit                               1000
CPXPARAM_Tune_TimeLimit                          200
CPXPARAM_MIP_Tolerances_AbsMIPGap                0
CPXPARAM_MIP_Tolerances_MIPGap                   0
CPXPARAM_WorkDir                                 "D:\Yousuf\Eclipse  Workspace\OptEngineV2\GamsResources\225r\"
Tried aggregator 1 time.
LP Presolve eliminated 390 rows and 367 columns.
Reduced LP has 5 rows, 11 columns, and 14 nonzeros.
Presolve time = 0.00 sec. (0.20 ticks)

Iteration log . . .
Iteration:     1   Scaled dual infeas =            37.195207
Iteration:     5   Dual objective     =          -900.632958
Fixed MIP status(1): optimal
Cplex Time: 0.00sec (det. 0.36 ticks)

Proven optimal solution.

MIP Solution:          788.722772    (1784 iterations, 241 nodes)
Final Solve:           788.722772    (6 iterations)

Best possible:         788.722772
Absolute gap:            0.000000
Relative gap:            0.000000

--- DICOPT: Starting major iteration 2
--- DICOPT: Setting up next NLP
CONOPT 3         31.1.1 r4b06116 Released May 16, 2020 WEI x86 64bit/MS Window
*** This solver runs with a community license.
 
 
    C O N O P T 3   version 3.17L
    Copyright (C)   ARKI Consulting and Development A/S
                    Bagsvaerdvej 246 A
                    DK-2880 Bagsvaerd, Denmark
 
 
   Iter Phase Ninf   Infeasibility   RGmax    NSB   Step InItr MX OK
      0   0        1.7739546186E+02 (Input point)
 
                   Pre-triangular equations:   238
                   Post-triangular equations:  30
                   Definitional equations:     30
 
      1   0        4.4408920985E-16 (After pre-processing)
      2   0        2.2204460493E-16 (After scaling)
 
 ** Feasible solution. Value of objective =    611.630474061
 
   Iter Phase Ninf     Objective     RGmax    NSB   Step InItr MX OK
      5   3        4.9395426417E+02 0.0E+00     0
 
 ** Optimal solution. There are no superbasic variables.
 
--- DICOPT: Checking convergence
--- DICOPT: Setting up next MIP
--- GMO Resort Time 0ms
--- DICOPT: Log File:
 Major Major     Objective    CPU time  Itera- Evaluation Solver
 Step  Iter       Function     (Sec)    tions   Errors
  NLP    1      -710.37988      0.00       18      0      conopt
  MIP    1       788.72277      0.08     1790      0      cplex
  NLP    2       493.95426<     0.00        5      0      conopt

IBM ILOG CPLEX   31.1.1 r4b06116 Released May 16, 2020 WEI x86 64bit/MS Window
--- GAMS/Cplex licensed for continuous and discrete problems.
Cplex 12.10.0.0

Reading data...
Starting Cplex...
Unable to load names.
Version identifier: 12.10.0.0 | 2019-11-26 | 843d4de2ae
CPXPARAM_Advance                                 0
CPXPARAM_Threads                                 1
CPXPARAM_Parallel                                1
CPXPARAM_MIP_Display                             4
CPXPARAM_Simplex_Limits_Iterations               1999998187
CPXPARAM_TimeLimit                               999.92200000000003
CPXPARAM_Tune_TimeLimit                          199.98439999999999
CPXPARAM_MIP_Tolerances_AbsMIPGap                0
CPXPARAM_MIP_Tolerances_MIPGap                   0
CPXPARAM_WorkDir                                 "D:\Yousuf\Eclipse  Workspace\OptEngineV2\GamsResources\225r\"
Tried aggregator 2 times.
MIP Presolve eliminated 217 rows and 305 columns.
MIP Presolve modified 440 coefficients.
Aggregator did 23 substitutions.
Reduced MIP has 217 rows, 157 columns, and 1050 nonzeros.
Reduced MIP has 85 binaries, 8 generals, 0 SOSs, and 0 indicators.
Presolve time = 0.00 sec. (1.89 ticks)
Probing fixed 8 vars, tightened 0 bounds.
Probing time = 0.00 sec. (0.66 ticks)
Cover probing fixed 0 vars, tightened 20 bounds.
Tried aggregator 2 times.
MIP Presolve eliminated 40 rows and 17 columns.
MIP Presolve modified 82 coefficients.
Aggregator did 3 substitutions.
Reduced MIP has 174 rows, 137 columns, and 936 nonzeros.
Reduced MIP has 70 binaries, 8 generals, 0 SOSs, and 0 indicators.
Presolve time = 0.00 sec. (1.15 ticks)
Probing fixed 0 vars, tightened 6 bounds.
Probing time = 0.00 sec. (0.50 ticks)
Cover probing fixed 0 vars, tightened 3 bounds.
Tried aggregator 1 time.
Detecting symmetries...
MIP Presolve eliminated 6 rows and 0 columns.
MIP Presolve modified 58 coefficients.
Reduced MIP has 168 rows, 137 columns, and 924 nonzeros.
Reduced MIP has 70 binaries, 8 generals, 0 SOSs, and 0 indicators.
Presolve time = 0.02 sec. (0.58 ticks)
Probing time = 0.00 sec. (0.48 ticks)
Clique table members: 456.
MIP emphasis: balance optimality and feasibility.
MIP search method: dynamic search.
Parallel mode: none, using 1 thread.
Tried aggregator 1 time.
LP Presolve eliminated 1 rows and 8 columns.
Aggregator did 3 substitutions.
Reduced LP has 164 rows, 126 columns, and 909 nonzeros.
Presolve time = 0.00 sec. (0.16 ticks)

Iteration log . . .
Iteration:     1   Scaled dual infeas =           160.867554
Iteration:    24   Dual objective     =         -1199.311314
Initializing dual steep norms . . .
Root relaxation solution time = 0.00 sec. (0.74 ticks)

        Nodes                                         Cuts/
   Node  Left     Objective  IInf  Best Integer    Best Bound    ItCnt     Gap

      0     0      520.5223    15                    520.5223       75         
      0     0      738.0851    15                    Cuts: 31      104         
      0     0      740.3758    15                    Cuts: 26      133         
      0     0      740.9109    15                    Cuts: 25      173         
      0     0      741.5538    15                    Cuts: 47      203         
      0     0      742.1635    15                    Cuts: 27      245         
Detecting symmetries...
      0     0      742.4352    15                    Cuts: 33      291         
      0     0      742.7449    15                    Cuts: 21      327         
      0     0      743.8373    15                    Cuts: 32      355         
      0     0      748.2023    15                    Cuts: 33      397         
      0     0      748.2294    15                     Cuts: 8      402         
      0     0      748.2294    15                  Cliques: 1      403         
*     0+    0                          850.7175      748.2294            12.05%
Found incumbent of value 850.717458 after 0.05 sec. (30.22 ticks)
*     0+    0                          850.7175      748.2294            12.05%
Found incumbent of value 850.717458 after 0.05 sec. (32.91 ticks)
*     0+    0                          840.0191      748.2294            10.93%
Found incumbent of value 840.019054 after 0.05 sec. (33.31 ticks)
*     0+    0                          839.1830      748.2294            10.84%
Found incumbent of value 839.182981 after 0.05 sec. (33.50 ticks)
      0     0  -1.00000e+75     0      839.1830      748.2294      403   10.84%
Detecting symmetries...
      0     2      748.2294    45      839.1830      748.2294      403   10.84%
Elapsed time = 0.05 sec. (33.92 ticks, tree = 0.01 MB, solutions = 4)
*    10+   10                          809.0797      748.3103             7.51%
Found incumbent of value 809.079659 after 0.05 sec. (36.31 ticks)
*    90+   33                          806.5883      754.2713             6.49%
                                                      Cuts: 9                  
Found incumbent of value 806.588323 after 0.06 sec. (54.22 ticks)

GUB cover cuts applied:  1
Clique cuts applied:  17
Implied bound cuts applied:  1
Mixed integer rounding cuts applied:  37
Zero-half cuts applied:  8
Gomory fractional cuts applied:  5

Root node processing (before b&c):
  Real time             =    0.05 sec. (33.94 ticks)
Sequential b&c:
  Real time             =    0.03 sec. (36.15 ticks)
                          ------------
Total (root+branch&cut) =    0.08 sec. (70.09 ticks)
MIP status(101): integer optimal solution
Cplex Time: 0.08sec (det. 70.09 ticks)
Fixing integer variables, and solving final LP...
Version identifier: 12.10.0.0 | 2019-11-26 | 843d4de2ae
CPXPARAM_Advance                                 2
CPXPARAM_Threads                                 1
CPXPARAM_Parallel                                1
CPXPARAM_MIP_Display                             4
CPXPARAM_Simplex_Limits_Iterations               1999998187
CPXPARAM_TimeLimit                               999.92200000000003
CPXPARAM_Tune_TimeLimit                          199.98439999999999
CPXPARAM_MIP_Tolerances_AbsMIPGap                0
CPXPARAM_MIP_Tolerances_MIPGap                   0
CPXPARAM_WorkDir                                 "D:\Yousuf\Eclipse  Workspace\OptEngineV2\GamsResources\225r\"
Tried aggregator 1 time.
LP Presolve eliminated 428 rows and 445 columns.
Aggregator did 3 substitutions.
Reduced LP has 26 rows, 37 columns, and 86 nonzeros.
Presolve time = 0.02 sec. (0.32 ticks)
Initializing dual steep norms . . .

Iteration log . . .
Iteration:     1   Scaled dual infeas =            32.000000
Iteration:    10   Dual objective     =           663.843156
Fixed MIP status(1): optimal
Cplex Time: 0.02sec (det. 0.55 ticks)

Proven optimal solution.

MIP Solution:          806.588323    (1634 iterations, 200 nodes)
Final Solve:           806.588323    (14 iterations)

Best possible:         806.588323
Absolute gap:            0.000000
Relative gap:            0.000000

--- DICOPT: Starting major iteration 3
--- DICOPT: Setting up next NLP
CONOPT 3         31.1.1 r4b06116 Released May 16, 2020 WEI x86 64bit/MS Window
*** This solver runs with a community license.
 
 
    C O N O P T 3   version 3.17L
    Copyright (C)   ARKI Consulting and Development A/S
                    Bagsvaerdvej 246 A
                    DK-2880 Bagsvaerd, Denmark
 
 
   Iter Phase Ninf   Infeasibility   RGmax    NSB   Step InItr MX OK
      0   0        2.0328371709E+02 (Input point)
 
                   Pre-triangular equations:   238
                   Post-triangular equations:  30
                   Definitional equations:     30
 
      1   0        0.0000000000E+00 (After pre-processing)
      2   0        0.0000000000E+00 (After scaling)
 
 ** Feasible solution. Value of objective =    603.112340919
 
   Iter Phase Ninf     Objective     RGmax    NSB   Step InItr MX OK
      5   3        4.9395426417E+02 0.0E+00     0
 
 ** Optimal solution. There are no superbasic variables.
 
--- DICOPT: Checking convergence
--- DICOPT: Setting up next MIP
--- DICOPT: Log File:
 Major Major     Objective    CPU time  Itera- Evaluation Solver
 Step  Iter       Function     (Sec)    tions   Errors
  NLP    1      -710.37988      0.00       18      0      conopt
  MIP    1       788.72277      0.08     1790      0      cplex
  NLP    2       493.95426<     0.00        5      0      conopt
  MIP    2       806.58832      0.09     1648      0      cplex
  NLP    3       493.95426<     0.00        5      0      conopt

IBM ILOG CPLEX   31.1.1 r4b06116 Released May 16, 2020 WEI x86 64bit/MS Window
--- GAMS/Cplex licensed for continuous and discrete problems.
Cplex 12.10.0.0

Reading data...
Starting Cplex...
Unable to load names.
Version identifier: 12.10.0.0 | 2019-11-26 | 843d4de2ae
CPXPARAM_Advance                                 0
CPXPARAM_Threads                                 1
CPXPARAM_Parallel                                1
CPXPARAM_MIP_Display                             4
CPXPARAM_Simplex_Limits_Iterations               1999996534
CPXPARAM_TimeLimit                               999.82799999999997
CPXPARAM_Tune_TimeLimit                          199.96559999999999
CPXPARAM_MIP_Tolerances_AbsMIPGap                0
CPXPARAM_MIP_Tolerances_MIPGap                   0
CPXPARAM_WorkDir                                 "D:\Yousuf\Eclipse  Workspace\OptEngineV2\GamsResources\225r\"
Tried aggregator 2 times.
MIP Presolve eliminated 218 rows and 306 columns.
MIP Presolve modified 542 coefficients.
Aggregator did 22 substitutions.
Reduced MIP has 236 rows, 175 columns, and 1126 nonzeros.
Reduced MIP has 91 binaries, 8 generals, 0 SOSs, and 0 indicators.
Presolve time = 0.00 sec. (2.00 ticks)
Probing fixed 8 vars, tightened 0 bounds.
Probing time = 0.00 sec. (0.71 ticks)
Cover probing fixed 0 vars, tightened 20 bounds.
Tried aggregator 2 times.
MIP Presolve eliminated 42 rows and 19 columns.
MIP Presolve modified 100 coefficients.
Aggregator did 7 substitutions.
Reduced MIP has 187 rows, 149 columns, and 993 nonzeros.
Reduced MIP has 74 binaries, 8 generals, 0 SOSs, and 0 indicators.
Presolve time = 0.01 sec. (1.58 ticks)
Probing fixed 0 vars, tightened 12 bounds.
Probing time = 0.00 sec. (0.53 ticks)
Cover probing fixed 0 vars, tightened 3 bounds.
Tried aggregator 1 time.
Detecting symmetries...
MIP Presolve eliminated 6 rows and 0 columns.
MIP Presolve modified 66 coefficients.
Reduced MIP has 181 rows, 149 columns, and 981 nonzeros.
Reduced MIP has 74 binaries, 8 generals, 0 SOSs, and 0 indicators.
Presolve time = 0.00 sec. (0.61 ticks)
Probing time = 0.00 sec. (0.52 ticks)
Clique table members: 463.
MIP emphasis: balance optimality and feasibility.
MIP search method: dynamic search.
Parallel mode: none, using 1 thread.
Tried aggregator 1 time.
LP Presolve eliminated 1 rows and 8 columns.
Aggregator did 7 substitutions.
Reduced LP has 173 rows, 134 columns, and 958 nonzeros.
Presolve time = 0.00 sec. (0.17 ticks)

Iteration log . . .
Iteration:     1   Scaled dual infeas =           160.867554
Iteration:    26   Dual objective     =         -1561.288640
Iteration:    87   Dual objective     =           520.522297
Initializing dual steep norms . . .
Root relaxation solution time = 0.00 sec. (0.84 ticks)

        Nodes                                         Cuts/
   Node  Left     Objective  IInf  Best Integer    Best Bound    ItCnt     Gap

      0     0      520.5223    20                    520.5223       87         
      0     0      677.9031    20                    Cuts: 38      121         
      0     0      740.1863    20                    Cuts: 23      161         
      0     0      740.8869    20                    Cuts: 21      199         
      0     0      741.7954    20                    Cuts: 50      244         
      0     0      742.4105    20                    Cuts: 23      289         
Detecting symmetries...
      0     0      743.8054    20                    Cuts: 35      333         
      0     0      744.4091    20                    Cuts: 18      356         
      0     0      746.1929    20                    Cuts: 12      385         
      0     0      748.4412    20                    Cuts: 25      423         
      0     0      748.6386    20                    Cuts: 26      440         
      0     0      748.8050    20                    Cuts: 25      463         
      0     0      750.6769    20                    Cuts: 20      501         
      0     0      751.0193    20                    Cuts: 33      524         
      0     0      751.1718    20                    Cuts: 22      546         
      0     0      751.1866    20                    Cuts: 16      555         
*     0+    0                          806.5883      751.1866             6.87%
Found incumbent of value 806.588323 after 0.06 sec. (36.73 ticks)
Detecting symmetries...
      0     2      751.1866    45      806.5883      751.9976      555    6.77%
Elapsed time = 0.06 sec. (40.78 ticks, tree = 0.01 MB, solutions = 1)

Clique cuts applied:  6
Implied bound cuts applied:  4
Mixed integer rounding cuts applied:  41
Zero-half cuts applied:  13
Gomory fractional cuts applied:  3

Root node processing (before b&c):
  Real time             =    0.08 sec. (40.79 ticks)
Sequential b&c:
  Real time             =    0.02 sec. (26.15 ticks)
                          ------------
Total (root+branch&cut) =    0.09 sec. (66.93 ticks)
MIP status(101): integer optimal solution
Cplex Time: 0.09sec (det. 66.94 ticks)
Fixing integer variables, and solving final LP...
Version identifier: 12.10.0.0 | 2019-11-26 | 843d4de2ae
CPXPARAM_Advance                                 2
CPXPARAM_Threads                                 1
CPXPARAM_Parallel                                1
CPXPARAM_MIP_Display                             4
CPXPARAM_Simplex_Limits_Iterations               1999996534
CPXPARAM_TimeLimit                               999.82799999999997
CPXPARAM_Tune_TimeLimit                          199.96559999999999
CPXPARAM_MIP_Tolerances_AbsMIPGap                0
CPXPARAM_MIP_Tolerances_MIPGap                   0
CPXPARAM_WorkDir                                 "D:\Yousuf\Eclipse  Workspace\OptEngineV2\GamsResources\225r\"
Tried aggregator 1 time.
LP Presolve eliminated 447 rows and 463 columns.
Aggregator did 3 substitutions.
Reduced LP has 26 rows, 37 columns, and 86 nonzeros.
Presolve time = 0.00 sec. (0.34 ticks)
Initializing dual steep norms . . .

Iteration log . . .
Iteration:     1   Scaled dual infeas =            32.000000
Iteration:    10   Dual objective     =           663.843156
Fixed MIP status(1): optimal
Cplex Time: 0.00sec (det. 0.57 ticks)

Proven optimal solution.

MIP Solution:          806.588323    (1892 iterations, 146 nodes)
Final Solve:           806.588323    (14 iterations)

Best possible:         806.588323
Absolute gap:            0.000000
Relative gap:            0.000000

--- DICOPT: Starting major iteration 4
--- DICOPT: Setting up next NLP
CONOPT 3         31.1.1 r4b06116 Released May 16, 2020 WEI x86 64bit/MS Window
*** This solver runs with a community license.
 
 
    C O N O P T 3   version 3.17L
    Copyright (C)   ARKI Consulting and Development A/S
                    Bagsvaerdvej 246 A
                    DK-2880 Bagsvaerd, Denmark
 
 
   Iter Phase Ninf   Infeasibility   RGmax    NSB   Step InItr MX OK
      0   0        2.0512031547E+02 (Input point)
 
                   Pre-triangular equations:   238
                   Post-triangular equations:  30
                   Definitional equations:     30
 
      1   0        0.0000000000E+00 (After pre-processing)
      2   0        0.0000000000E+00 (After scaling)
 
 ** Feasible solution. Value of objective =    603.112340919
 
   Iter Phase Ninf     Objective     RGmax    NSB   Step InItr MX OK
      5   3        4.9395426417E+02 0.0E+00     0
 
 ** Optimal solution. There are no superbasic variables.
 
--- DICOPT: Checking convergence
--- DICOPT: Search stopped on worsening of NLP subproblems
--- DICOPT: Log File:
 Major Major     Objective    CPU time  Itera- Evaluation Solver
 Step  Iter       Function     (Sec)    tions   Errors
  NLP    1      -710.37988      0.00       18      0      conopt
  MIP    1       788.72277      0.08     1790      0      cplex
  NLP    2       493.95426<     0.00        5      0      conopt
  MIP    2       806.58832      0.09     1648      0      cplex
  NLP    3       493.95426<     0.00        5      0      conopt
  MIP    3       806.58832      0.09     1906      0      cplex
  NLP    4       493.95426      0.01        5      0      conopt
--- DICOPT: Terminating...
--- DICOPT: Stopped on NLP worsening

      The search was stopped because the objective function
      of the NLP subproblems started to deteriorate.

--- DICOPT: Best integer solution found: 493.954264
--- Restarting execution
--- A-n9-k3-multi-vartemp-model.gms(164) 2 Mb
--- Reading solution for model simple
--- Executing after solve: elapsed 0:00:01.443
--- A-n9-k3-multi-vartemp-model.gms(168) 3 Mb
--- GDX File D:\Yousuf\Eclipse  Workspace\OptEngineV2\GamsResources\A-n9-k3-input-multi-vartemp.gdx
--- A-n9-k3-multi-vartemp-model.gms(182) 3 Mb

GDXXRW           31.1.1 r4b06116 Released May 16, 2020 WEI x86 64bit/MS Window
Input file : D:\Yousuf\Eclipse  Workspace\OptEngineV2\GamsResources\A-n9-k3-input-multi-vartemp.gdx
Output file: D:\Yousuf\Eclipse  Workspace\OptEngineV2\GamsResources\A-n9-
Output file: D:\Yousuf\Eclipse  Workspace\OptEngineV2\GamsResources\A-n9-k3-output-multi-vartemp.xlsx
Total time = 1094 Ms
*** Status: Normal completion
--- Job A-n9-k3-multi-vartemp-model.gms Stop 10/31/20 00:22:12 elapsed 0:00:02.605
